<?xml version="1.0" encoding="UTF-8"?>
<testsuite xmlns:xsi="http://www.w3.org/2001/XMLSchema-instance" xsi:noNamespaceSchemaLocation="https://maven.apache.org/surefire/maven-surefire-plugin/xsd/surefire-test-report.xsd" version="3.0.2" name="com.mwc.langchain4j.LangChain4jApplicationTests" time="1.898" tests="1" errors="0" skipped="0" failures="0">
  <properties>
[...]
</properties>
  <testcase name="contextLoads" classname="com.mwc.langchain4j.LangChain4jApplicationTests" time="0.466">
    <system-out><![CDATA[21:21:25.020 [main] INFO org.springframework.test.context.support.AnnotationConfigContextLoaderUtils -- Could not detect default configuration classes for test class [com.mwc.langchain4j.LangChain4jApplicationTests]: LangChain4jApplicationTests does not declare any static, non-private, non-final, nested classes annotated with @Configuration.
21:21:25.105 [main] INFO org.springframework.boot.test.context.SpringBootTestContextBootstrapper -- Found @SpringBootConfiguration com.mwc.langchain4j.LangChain4jApplication for test class com.mwc.langchain4j.LangChain4jApplicationTests

  .   ____          _            __ _ _
 /\\ / ___'_ __ _ _(_)_ __  __ _ \ \ \ \
( ( )\___ | '_ | '_| | '_ \/ _` | \ \ \ \
 \\/  ___)| |_)| | | | | || (_| |  ) ) ) )
  '  |____| .__|_| |_|_| |_\__, | / / / /
 =========|_|==============|___/=/_/_/_/

 :: Spring Boot ::                (v3.5.6)

2025-10-16T21:21:25.464+08:00  INFO 21976 --- [           main] c.m.l.LangChain4jApplicationTests        : Starting LangChain4jApplicationTests using Java 17.0.15 with PID 21976 (started by 24790 in D:\study\LangChain4j)
2025-10-16T21:21:25.465+08:00  INFO 21976 --- [           main] c.m.l.LangChain4jApplicationTests        : No active profile set, falling back to 1 default profile: "default"
2025-10-16T21:21:26.338+08:00  INFO 21976 --- [           main] c.m.l.LangChain4jApplicationTests        : Started LangChain4jApplicationTests in 1.114 seconds (process running for 1.804)
]]></system-out>
    <system-err><![CDATA[SLF4J(W): Class path contains multiple SLF4J providers.
SLF4J(W): Found provider [ch.qos.logback.classic.spi.LogbackServiceProvider@574b560f]
SLF4J(W): Found provider [org.slf4j.simple.SimpleServiceProvider@ba54932]
SLF4J(W): See https://www.slf4j.org/codes.html#multiple_bindings for an explanation.
SLF4J(I): Actual provider is of type [ch.qos.logback.classic.spi.LogbackServiceProvider@574b560f]
]]></system-err>
  </testcase>
</testsuite>